<?xml version="1.0" encoding="UTF-8"?>
<!-- Generated by org.testng.reporters.JUnitXMLReporter -->
<testsuite hostname="Naumans-PC" ignored="0" name="Surefire test" tests="5" failures="0" timestamp="2023-01-03T20:31:27 GMT" time="4.53" errors="0">
  <testcase name="test001 on test001(com.bestbuy.bestbuycurdtest.StoreCURDTest)" time="2.354" classname="com.bestbuy.bestbuycurdtest.StoreCURDTest"/>
  <testcase name="test002 on test002(com.bestbuy.bestbuycurdtest.StoreCURDTest)" time="3.292" classname="com.bestbuy.bestbuycurdtest.StoreCURDTest"/>
  <testcase name="test003 on test003(com.bestbuy.bestbuycurdtest.StoreCURDTest)" time="3.328" classname="com.bestbuy.bestbuycurdtest.StoreCURDTest"/>
  <testcase name="test004 on test004(com.bestbuy.bestbuycurdtest.StoreCURDTest)" time="3.364" classname="com.bestbuy.bestbuycurdtest.StoreCURDTest"/>
  <testcase name="test005 on test005(com.bestbuy.bestbuycurdtest.StoreCURDTest)" time="3.399" classname="com.bestbuy.bestbuycurdtest.StoreCURDTest"/>
</testsuite> <!-- Surefire test -->
