<?xml version="1.0" encoding="UTF-8"?><testsuite errors="0" failures="0" name="com.bestbuy.bestbuycurdtest.StoreCURDTest" skipped="0" tests="5" time="3.08" timestamp="2023-01-03T20:31:23.848Z[Europe/London]"><testcase classname="com.bestbuy.bestbuycurdtest.StoreCURDTest" name="This will get all stores details"/><testcase classname="com.bestbuy.bestbuycurdtest.StoreCURDTest" name="This method will create new store details"/><testcase classname="com.bestbuy.bestbuycurdtest.StoreCURDTest" name="This will get single store details"/><testcase classname="com.bestbuy.bestbuycurdtest.StoreCURDTest" name="This will update single store details"/><testcase classname="com.bestbuy.bestbuycurdtest.StoreCURDTest" name="This will delete single store details"/></testsuite>