<?xml version="1.0" encoding="UTF-8"?><testsuite errors="0" failures="0" name="com.bestbuy.bestbuycurdtest.ProductCURDTest" skipped="0" tests="5" time="3.3" timestamp="2023-01-03T20:31:23.840Z[Europe/London]"><testcase classname="com.bestbuy.bestbuycurdtest.ProductCURDTest" name="Test001"/><testcase classname="com.bestbuy.bestbuycurdtest.ProductCURDTest" name="Test002"/><testcase classname="com.bestbuy.bestbuycurdtest.ProductCURDTest" name="Test003"/><testcase classname="com.bestbuy.bestbuycurdtest.ProductCURDTest" name="Test004"/><testcase classname="com.bestbuy.bestbuycurdtest.ProductCURDTest" name="Test005"/></testsuite>